                                 Started job on |	Oct 15 17:52:07
                             Started mapping on |	Oct 15 17:52:08
                                    Finished on |	Oct 15 17:56:37
       Mapping speed, Million of reads per hour |	33.11

                          Number of input reads |	2473839
                      Average input read length |	201
                                    UNIQUE READS:
                   Uniquely mapped reads number |	1963936
                        Uniquely mapped reads % |	79.39%
                          Average mapped length |	201.42
                       Number of splices: Total |	47954
            Number of splices: Annotated (sjdb) |	42135
                       Number of splices: GT/AG |	46117
                       Number of splices: GC/AG |	186
                       Number of splices: AT/AC |	18
               Number of splices: Non-canonical |	1633
                      Mismatch rate per base, % |	0.14%
                         Deletion rate per base |	0.01%
                        Deletion average length |	1.41
                        Insertion rate per base |	0.00%
                       Insertion average length |	1.12
                             MULTI-MAPPING READS:
        Number of reads mapped to multiple loci |	436663
             % of reads mapped to multiple loci |	17.65%
        Number of reads mapped to too many loci |	34124
             % of reads mapped to too many loci |	1.38%
                                  UNMAPPED READS:
  Number of reads unmapped: too many mismatches |	0
       % of reads unmapped: too many mismatches |	0.00%
            Number of reads unmapped: too short |	39106
                 % of reads unmapped: too short |	1.58%
                Number of reads unmapped: other |	10
                     % of reads unmapped: other |	0.00%
                                  CHIMERIC READS:
                       Number of chimeric reads |	0
                            % of chimeric reads |	0.00%
